<?xml version="1.0" encoding="UTF-8"?>
<!-- Generated by org.testng.reporters.JUnitReportReporter -->
<testsuite skipped="0" hostname="DESKTOP-AJHDELI" name="Selenium.DataproviderTest" tests="3" failures="0" timestamp="2022-09-14T20:07:45 IST" time="0.000" errors="0">
  <testcase name="f" time="0.000" classname="Selenium.DataproviderTest"/>
  <system-out/>
  <testcase name="f" time="0.000" classname="Selenium.DataproviderTest"/>
  <system-out/>
  <testcase name="f" time="0.000" classname="Selenium.DataproviderTest"/>
  <system-out/>
</testsuite> <!-- Selenium.DataproviderTest -->
