<?xml version="1.0" encoding="UTF-8"?>
<!-- Generated by org.testng.reporters.JUnitReportReporter -->
<testsuite skipped="0" hostname="DESKTOP-AJHDELI" name="TestngPractice.TestngExecutionHierarchy" tests="2" failures="0" timestamp="2022-10-11T21:26:25 IST" time="0.015" errors="0">
  <testcase name="test1" time="0.000" classname="TestngPractice.TestngExecutionHierarchy"/>
  <system-out/>
  <testcase name="test1" time="0.015" classname="TestngPractice.TestngExecutionHierarchy"/>
  <system-out/>
</testsuite> <!-- TestngPractice.TestngExecutionHierarchy -->
