<?xml version="1.0" encoding="UTF-8"?>
<!-- Generated by org.testng.reporters.JUnitReportReporter -->
<testsuite skipped="0" hostname="DESKTOP-AJHDELI" name="Grid.SauceLabExecution" tests="1" failures="0" timestamp="2022-09-16T15:53:21 IST" time="14.378" errors="0">
  <testcase name="verifyConsoleLogin" time="14.378" classname="Grid.SauceLabExecution"/>
  <system-out/>
</testsuite> <!-- Grid.SauceLabExecution -->
