<?xml version="1.0" encoding="UTF-8"?>
<!-- Generated by org.testng.reporters.JUnitReportReporter -->
<testsuite skipped="0" hostname="DESKTOP-AJHDELI" name="Selenium.ClassC" tests="1" failures="0" timestamp="2022-09-20T16:33:17 IST" time="10.840" errors="0">
  <testcase name="test1" time="10.840" classname="Selenium.ClassC"/>
  <system-out/>
</testsuite> <!-- Selenium.ClassC -->
