<?xml version="1.0" encoding="UTF-8"?>
<!-- Generated by org.testng.reporters.JUnitReportReporter -->
<testsuite skipped="0" hostname="DESKTOP-AJHDELI" name="TestngPractice.TestngGrouping" tests="3" failures="0" timestamp="2022-09-15T11:30:17 IST" time="0.031" errors="0">
  <testcase name="test4" time="0.016" classname="TestngPractice.TestngGrouping"/>
  <system-out/>
  <testcase name="test3" time="0.015" classname="TestngPractice.TestngGrouping"/>
  <system-out/>
  <testcase name="test5" time="0.000" classname="TestngPractice.TestngGrouping"/>
  <system-out/>
</testsuite> <!-- TestngPractice.TestngGrouping -->
