<?xml version="1.0" encoding="UTF-8"?>
<!-- Generated by org.testng.reporters.JUnitReportReporter -->
<testsuite skipped="0" hostname="DESKTOP-AJHDELI" name="TestngPractice.GridTest" tests="1" failures="0" timestamp="2022-09-15T22:25:11 IST" time="24.603" errors="0">
  <testcase name="test1" time="24.603" classname="TestngPractice.GridTest"/>
  <system-out/>
</testsuite> <!-- TestngPractice.GridTest -->
