<?xml version="1.0" encoding="UTF-8"?>
<!-- Generated by org.testng.reporters.JUnitReportReporter -->
<testsuite skipped="0" hostname="DESKTOP-AJHDELI" name="TestngPractice.BeforeGroupAfterGroup" tests="2" failures="0" timestamp="2022-09-15T12:31:30 IST" time="0.000" errors="0">
  <testcase name="test8" time="0.000" classname="TestngPractice.BeforeGroupAfterGroup"/>
  <system-out/>
  <testcase name="test7" time="0.000" classname="TestngPractice.BeforeGroupAfterGroup"/>
  <system-out/>
</testsuite> <!-- TestngPractice.BeforeGroupAfterGroup -->
