<?xml version="1.0" encoding="UTF-8"?>
<!-- Generated by org.testng.reporters.JUnitReportReporter -->
<testsuite skipped="0" hostname="DESKTOP-AJHDELI" name="Selenium.Location_Dimention_Element" tests="1" failures="0" timestamp="2022-09-14T08:02:16 IST" time="15.087" errors="0">
  <testcase name="test1" time="15.087" classname="Selenium.Location_Dimention_Element"/>
  <system-out/>
</testsuite> <!-- Selenium.Location_Dimention_Element -->
