<?xml version="1.0" encoding="UTF-8"?>
<!-- Generated by org.testng.reporters.JUnitReportReporter -->
<testsuite skipped="2" hostname="DESKTOP-AJHDELI" name="Selenium.ActionClass" tests="3" failures="0" timestamp="2022-09-14T09:26:01 IST" time="15.971" errors="0">
  <testcase name="action3" time="15.971" classname="Selenium.ActionClass"/>
  <system-out/>
  <testcase name="action1" classname="Selenium.ActionClass">
    <skipped/>
  </testcase> <!-- action1 -->
  <system-out/>
  <testcase name="action2" classname="Selenium.ActionClass">
    <skipped/>
  </testcase> <!-- action2 -->
  <system-out/>
</testsuite> <!-- Selenium.ActionClass -->
