<?xml version="1.0" encoding="UTF-8"?>
<!-- Generated by org.testng.reporters.JUnitReportReporter -->
<testsuite skipped="0" hostname="DESKTOP-AJHDELI" name="General.Iframe" tests="1" failures="0" timestamp="2022-09-13T20:05:08 IST" time="15.006" errors="0">
  <testcase name="test1" time="15.006" classname="General.Iframe"/>
  <system-out/>
</testsuite> <!-- General.Iframe -->
