<?xml version="1.0" encoding="UTF-8"?>
<!-- Generated by org.testng.reporters.JUnitReportReporter -->
<testsuite skipped="0" hostname="DESKTOP-AJHDELI" name="Selenium.ContextClick_RightClick" tests="1" failures="0" timestamp="2022-09-14T09:45:53 IST" time="39.861" errors="0">
  <testcase name="test" time="39.861" classname="Selenium.ContextClick_RightClick"/>
  <system-out/>
</testsuite> <!-- Selenium.ContextClick_RightClick -->
