<?xml version="1.0" encoding="UTF-8"?>
<!-- Generated by org.testng.reporters.JUnitReportReporter -->
<testsuite skipped="0" hostname="DESKTOP-AJHDELI" name="Selenium.TakeScreenshotPage" tests="1" failures="0" timestamp="2022-09-14T10:24:50 IST" time="19.736" errors="0">
  <testcase name="test1" time="19.736" classname="Selenium.TakeScreenshotPage"/>
  <system-out/>
</testsuite> <!-- Selenium.TakeScreenshotPage -->
