<?xml version="1.0" encoding="UTF-8"?>
<!-- Generated by org.testng.reporters.JUnitReportReporter -->
<testsuite skipped="0" hostname="DESKTOP-AJHDELI" name="General.HandlingPrompt" tests="1" failures="0" timestamp="2022-09-13T10:54:51 IST" time="17.660" errors="0">
  <testcase name="test1" time="17.660" classname="General.HandlingPrompt"/>
  <system-out/>
</testsuite> <!-- General.HandlingPrompt -->
