<?xml version="1.0" encoding="UTF-8"?>
<!-- Generated by org.testng.reporters.JUnitReportReporter -->
<testsuite skipped="0" hostname="DESKTOP-AJHDELI" name="TestngPractice.ParametersInTestng" tests="1" failures="0" timestamp="2022-09-15T11:41:46 IST" time="0.016" errors="0">
  <testcase name="test1" time="0.016" classname="TestngPractice.ParametersInTestng"/>
  <system-out/>
</testsuite> <!-- TestngPractice.ParametersInTestng -->
