<?xml version="1.0" encoding="UTF-8"?>
<!-- Generated by org.testng.reporters.JUnitReportReporter -->
<testsuite skipped="0" hostname="DESKTOP-AJHDELI" name="Selenium.Selenium_4_Locator" tests="1" failures="0" timestamp="2022-09-16T21:50:27 IST" time="7.154" errors="0">
  <testcase name="testLocators" time="7.154" classname="Selenium.Selenium_4_Locator"/>
  <system-out/>
</testsuite> <!-- Selenium.Selenium_4_Locator -->
