<?xml version="1.0" encoding="UTF-8"?>
<!-- Generated by org.testng.reporters.JUnitReportReporter -->
<testsuite skipped="0" hostname="DESKTOP-AJHDELI" name="TestngPractice.AssertionTest" tests="1" failures="0" timestamp="2022-09-15T21:10:46 IST" time="15.276" errors="0">
  <testcase name="loginTest" time="15.276" classname="TestngPractice.AssertionTest"/>
  <system-out/>
</testsuite> <!-- TestngPractice.AssertionTest -->
