<?xml version="1.0" encoding="UTF-8"?>
<!-- Generated by org.testng.reporters.JUnitReportReporter -->
<testsuite skipped="0" hostname="DESKTOP-AJHDELI" name="TestngPractice.DataProviderTest" tests="2" failures="0" timestamp="2022-09-15T12:11:31 IST" time="0.015" errors="0">
  <testcase name="test1" time="0.000" classname="TestngPractice.DataProviderTest"/>
  <system-out/>
  <testcase name="test1" time="0.015" classname="TestngPractice.DataProviderTest"/>
  <system-out/>
</testsuite> <!-- TestngPractice.DataProviderTest -->
