<?xml version="1.0" encoding="UTF-8"?>
<!-- Generated by org.testng.reporters.JUnitReportReporter -->
<testsuite skipped="0" hostname="DESKTOP-AJHDELI" name="Selenium.Iframe" tests="2" failures="0" timestamp="2022-09-14T15:43:35 IST" time="37.146" errors="0">
  <testcase name="test2" time="17.546" classname="Selenium.Iframe"/>
  <system-out/>
  <testcase name="test1" time="19.600" classname="Selenium.Iframe"/>
  <system-out/>
</testsuite> <!-- Selenium.Iframe -->
