<?xml version="1.0" encoding="UTF-8"?>
<!-- Generated by org.testng.reporters.JUnitReportReporter -->
<testsuite skipped="0" hostname="DESKTOP-AJHDELI" name="Grid.Demo" tests="1" failures="0" timestamp="2022-09-16T08:23:47 IST" time="26.904" errors="0">
  <testcase name="test" time="26.904" classname="Grid.Demo"/>
  <system-out/>
</testsuite> <!-- Grid.Demo -->
