<?xml version="1.0" encoding="UTF-8"?>
<!-- Generated by org.testng.reporters.JUnitReportReporter -->
<testsuite skipped="0" hostname="DESKTOP-AJHDELI" name="Selenium.JavaScriptScrollDown" tests="1" failures="0" timestamp="2022-09-14T17:30:24 IST" time="20.093" errors="0">
  <testcase name="test1" time="20.093" classname="Selenium.JavaScriptScrollDown"/>
  <system-out/>
</testsuite> <!-- Selenium.JavaScriptScrollDown -->
