<?xml version="1.0" encoding="UTF-8"?>
<!-- Generated by org.testng.reporters.JUnitReportReporter -->
<testsuite skipped="0" hostname="DESKTOP-AJHDELI" name="TestngPractice.Class1" tests="1" failures="0" timestamp="2022-10-11T21:58:20 IST" time="0.016" errors="0">
  <testcase name="test1" time="0.016" classname="TestngPractice.Class1"/>
  <system-out/>
</testsuite> <!-- TestngPractice.Class1 -->
