<?xml version="1.0" encoding="UTF-8"?>
<!-- Generated by org.testng.reporters.JUnitReportReporter -->
<testsuite skipped="0" hostname="DESKTOP-AJHDELI" name="Grid.LoginTest" tests="3" failures="0" timestamp="2022-09-16T10:05:38 IST" time="100.796" errors="0">
  <testcase name="googleTest" time="33.593" classname="Grid.LoginTest"/>
  <system-out/>
  <testcase name="toolsQATest" time="33.600" classname="Grid.LoginTest"/>
  <system-out/>
  <testcase name="loginTest" time="33.603" classname="Grid.LoginTest"/>
  <system-out/>
</testsuite> <!-- Grid.LoginTest -->
