<?xml version="1.0" encoding="UTF-8"?>
<!-- Generated by org.testng.reporters.JUnitReportReporter -->
<testsuite skipped="0" hostname="DESKTOP-AJHDELI" name="Selenium.Delete" tests="1" failures="0" timestamp="2022-11-13T15:10:43 IST" time="9.499" errors="0">
  <testcase name="test1" time="9.499" classname="Selenium.Delete"/>
  <system-out/>
</testsuite> <!-- Selenium.Delete -->
