<?xml version="1.0" encoding="UTF-8"?>
<!-- Generated by org.testng.reporters.JUnitReportReporter -->
<testsuite skipped="0" hostname="DESKTOP-AJHDELI" name="Grid.ToosQATest" tests="1" failures="0" timestamp="2022-09-16T08:47:20 IST" time="34.692" errors="0">
  <testcase name="saveReportTest" time="34.692" classname="Grid.ToosQATest"/>
  <system-out/>
</testsuite> <!-- Grid.ToosQATest -->
