<?xml version="1.0" encoding="UTF-8"?>
<!-- Generated by org.testng.reporters.JUnitReportReporter -->
<testsuite skipped="0" hostname="DESKTOP-AJHDELI" name="Selenium.CopyTest" tests="1" failures="0" timestamp="2022-09-14T09:33:34 IST" time="15.509" errors="0">
  <testcase name="test1" time="15.509" classname="Selenium.CopyTest"/>
  <system-out/>
</testsuite> <!-- Selenium.CopyTest -->
