<?xml version="1.0" encoding="UTF-8"?>
<!-- Generated by org.testng.reporters.JUnitReportReporter -->
<testsuite skipped="0" hostname="DESKTOP-AJHDELI" name="TestngPractice.Verbose" tests="1" failures="0" timestamp="2022-09-15T20:48:07 IST" time="14.220" errors="0">
  <testcase name="loginTest" time="14.220" classname="TestngPractice.Verbose"/>
  <system-out/>
</testsuite> <!-- TestngPractice.Verbose -->
